C:\USERS\ADMINISTRATOR\DOCUMENTS\VISUAL STUDIO 2010\PROJECTS\FUYIN_DAYIN\FUYIN_DAYIN_DIFFERENT0\DEBUG\FUYIN_DAYIN_DIFFERENT0.EXE
C:\USERS\ADMINISTRATOR\DOCUMENTS\VISUAL STUDIO 2010\PROJECTS\FUYIN_DAYIN\FUYIN_DAYIN_DIFFERENT0\DEBUG\FUYIN_DAYIN_DIFFERENT0.ILK
C:\USERS\ADMINISTRATOR\DOCUMENTS\VISUAL STUDIO 2010\PROJECTS\FUYIN_DAYIN\FUYIN_DAYIN_DIFFERENT0\DEBUG\FUYIN_DAYIN_DIFFERENT0.PDB
C:\Users\Administrator\Documents\Visual Studio 2010\Projects\fuyin_dayin\fuyin_dayin_different0\fuyin_dayin_different0\Debug\cl.command.1.tlog
C:\Users\Administrator\Documents\Visual Studio 2010\Projects\fuyin_dayin\fuyin_dayin_different0\fuyin_dayin_different0\Debug\CL.read.1.tlog
C:\Users\Administrator\Documents\Visual Studio 2010\Projects\fuyin_dayin\fuyin_dayin_different0\fuyin_dayin_different0\Debug\CL.write.1.tlog
C:\USERS\ADMINISTRATOR\DOCUMENTS\VISUAL STUDIO 2010\PROJECTS\FUYIN_DAYIN\FUYIN_DAYIN_DIFFERENT0\FUYIN_DAYIN_DIFFERENT0\DEBUG\ENTRYMAIN.OBJ
C:\USERS\ADMINISTRATOR\DOCUMENTS\VISUAL STUDIO 2010\PROJECTS\FUYIN_DAYIN\FUYIN_DAYIN_DIFFERENT0\FUYIN_DAYIN_DIFFERENT0\DEBUG\FILEDDL.OBJ
C:\USERS\ADMINISTRATOR\DOCUMENTS\VISUAL STUDIO 2010\PROJECTS\FUYIN_DAYIN\FUYIN_DAYIN_DIFFERENT0\FUYIN_DAYIN_DIFFERENT0\DEBUG\FUYIN_DAYIN_DIFFERENT0.EXE.INTERMEDIATE.MANIFEST
C:\Users\Administrator\Documents\Visual Studio 2010\Projects\fuyin_dayin\fuyin_dayin_different0\fuyin_dayin_different0\Debug\fuyin_dayin_different0.write.1.tlog
C:\USERS\ADMINISTRATOR\DOCUMENTS\VISUAL STUDIO 2010\PROJECTS\FUYIN_DAYIN\FUYIN_DAYIN_DIFFERENT0\FUYIN_DAYIN_DIFFERENT0\DEBUG\IMGPROCESS.OBJ
C:\Users\Administrator\Documents\Visual Studio 2010\Projects\fuyin_dayin\fuyin_dayin_different0\fuyin_dayin_different0\Debug\link.command.1.tlog
C:\Users\Administrator\Documents\Visual Studio 2010\Projects\fuyin_dayin\fuyin_dayin_different0\fuyin_dayin_different0\Debug\link.read.1.tlog
C:\Users\Administrator\Documents\Visual Studio 2010\Projects\fuyin_dayin\fuyin_dayin_different0\fuyin_dayin_different0\Debug\link.write.1.tlog
C:\Users\Administrator\Documents\Visual Studio 2010\Projects\fuyin_dayin\fuyin_dayin_different0\fuyin_dayin_different0\Debug\mt.command.1.tlog
C:\Users\Administrator\Documents\Visual Studio 2010\Projects\fuyin_dayin\fuyin_dayin_different0\fuyin_dayin_different0\Debug\mt.read.1.tlog
C:\Users\Administrator\Documents\Visual Studio 2010\Projects\fuyin_dayin\fuyin_dayin_different0\fuyin_dayin_different0\Debug\mt.write.1.tlog
C:\USERS\ADMINISTRATOR\DOCUMENTS\VISUAL STUDIO 2010\PROJECTS\FUYIN_DAYIN\FUYIN_DAYIN_DIFFERENT0\FUYIN_DAYIN_DIFFERENT0\DEBUG\PRASEXML.OBJ
C:\USERS\ADMINISTRATOR\DOCUMENTS\VISUAL STUDIO 2010\PROJECTS\FUYIN_DAYIN\FUYIN_DAYIN_DIFFERENT0\FUYIN_DAYIN_DIFFERENT0\DEBUG\PROCESSIMG.OBJ
C:\USERS\ADMINISTRATOR\DOCUMENTS\VISUAL STUDIO 2010\PROJECTS\FUYIN_DAYIN\FUYIN_DAYIN_DIFFERENT0\FUYIN_DAYIN_DIFFERENT0\DEBUG\STATISTICS.OBJ
C:\USERS\ADMINISTRATOR\DOCUMENTS\VISUAL STUDIO 2010\PROJECTS\FUYIN_DAYIN\FUYIN_DAYIN_DIFFERENT0\FUYIN_DAYIN_DIFFERENT0\DEBUG\TEST.OBJ
C:\Users\Administrator\Documents\Visual Studio 2010\Projects\fuyin_dayin\fuyin_dayin_different0\fuyin_dayin_different0\Debug\vc100.idb
C:\USERS\ADMINISTRATOR\DOCUMENTS\VISUAL STUDIO 2010\PROJECTS\FUYIN_DAYIN\FUYIN_DAYIN_DIFFERENT0\FUYIN_DAYIN_DIFFERENT0\DEBUG\VC100.PDB
